<?xml version="1.0" encoding="UTF-8"?>
<testng-results skipped="0" failed="0" ignored="0" total="1" passed="1">
  <reporter-output>
  </reporter-output>
  <suite name="inetBankingV1" duration-ms="17956" started-at="2019-07-20T09:53:44Z" finished-at="2019-07-20T09:54:02Z">
    <groups>
    </groups>
    <test name="BankingApp Test" duration-ms="17956" started-at="2019-07-20T09:53:44Z" finished-at="2019-07-20T09:54:02Z">
      <class name="com.inetBankingV1.testCases.TC_LoginTest_001">
        <test-method status="PASS" signature="setup(java.lang.String)[pri:0, instance:com.inetBankingV1.testCases.TC_LoginTest_001@6d4b1c02]" name="setup" is-config="true" duration-ms="8015" started-at="2019-07-20T09:53:44Z" finished-at="2019-07-20T09:53:52Z">
          <params>
            <param index="0">
              <value>
                <![CDATA[chrome]]>
              </value>
            </param>
          </params>
          <reporter-output>
          </reporter-output>
        </test-method> <!-- setup -->
        <test-method status="PASS" signature="loginTest()[pri:0, instance:com.inetBankingV1.testCases.TC_LoginTest_001@6d4b1c02]" name="loginTest" duration-ms="9083" started-at="2019-07-20T09:53:52Z" finished-at="2019-07-20T09:54:02Z">
          <reporter-output>
          </reporter-output>
        </test-method> <!-- loginTest -->
        <test-method status="PASS" signature="tearDown()[pri:0, instance:com.inetBankingV1.testCases.TC_LoginTest_001@6d4b1c02]" name="tearDown" is-config="true" duration-ms="841" started-at="2019-07-20T09:54:02Z" finished-at="2019-07-20T09:54:02Z">
          <reporter-output>
          </reporter-output>
        </test-method> <!-- tearDown -->
      </class> <!-- com.inetBankingV1.testCases.TC_LoginTest_001 -->
    </test> <!-- BankingApp Test -->
  </suite> <!-- inetBankingV1 -->
</testng-results>
